#
# There is insufficient memory for the Java Runtime Environment to continue.
# Native memory allocation (mmap) failed to map 132120576 bytes for Failed to commit area from 0x0000000082200000 to 0x000000008a000000 of length 132120576.
# Possible reasons:
#   The system is out of physical RAM or swap space
#   The process is running with CompressedOops enabled, and the Java Heap may be blocking the growth of the native heap
# Possible solutions:
#   Reduce memory load on the system
#   Increase physical memory or swap space
#   Check if swap backing store is full
#   Decrease Java heap size (-Xmx/-Xms)
#   Decrease number of Java threads
#   Decrease Java thread stack sizes (-Xss)
#   Set larger code cache with -XX:ReservedCodeCacheSize=
# This output file may be truncated or incomplete.
#
#  Out of Memory Error (c:/BuildAgent/work/5ff2f6c26000d570/src/hotspot/os/windows/os_windows.cpp:3281), pid=16404, tid=16004
#
# JRE version:  (11.0.4+10) (build )
# Java VM: OpenJDK 64-Bit Server VM (11.0.4+10-b304.77, mixed mode, aot, sharing, tiered, compressed oops, g1 gc, windows-amd64)
# No core dump will be written. Minidumps are not enabled by default on client versions of Windows
#

---------------  S U M M A R Y ------------

Command Line: org.jetbrains.git4idea.http.GitAskPassApp Username for 'https://github.com': 

Host: Intel(R) Core(TM) i3-8100 CPU @ 3.60GHz, 4 cores, 7G,  Windows 10 , 64 bit Build 18362 (10.0.18362.1082)
Time: Wed Sep 16 17:19:16 2020 ?D1¨²¡À¨º¡Á?¨º¡À?? elapsed time: 0 seconds (0d 0h 0m 0s)

---------------  T H R E A D  ---------------

Current thread (0x00000229ab5e9000):  JavaThread "Unknown thread" [_thread_in_vm, id=16004, stack(0x00000036e2f00000,0x00000036e3000000)]

Stack: [0x00000036e2f00000,0x00000036e3000000]
Native frames: (J=compiled Java code, j=interpreted, Vv=VM code, C=native code)
V  [jvm.dll+0x5db31a]
V  [jvm.dll+0x70c395]
V  [jvm.dll+0x70d8b8]
V  [jvm.dll+0x70df83]
V  [jvm.dll+0x23dbb8]
V  [jvm.dll+0x5d8a74]
V  [jvm.dll+0x5cdb05]
V  [jvm.dll+0x2fa5bb]
V  [jvm.dll+0x2fa52a]
V  [jvm.dll+0x2fa402]
V  [jvm.dll+0x2ff2c6]
V  [jvm.dll+0x347893]
V  [jvm.dll+0x347f96]
V  [jvm.dll+0x347993]
V  [jvm.dll+0x2d4e28]
V  [jvm.dll+0x2d5fd7]
V  [jvm.dll+0x6eb717]
V  [jvm.dll+0x6ecf0c]
V  [jvm.dll+0x354fb9]
V  [jvm.dll+0x6d35be]
V  [jvm.dll+0x3bd673]
V  [jvm.dll+0x3bf9f1]
C  [java.exe+0x3763]
C  [java.exe+0x17a0c]
C  [KERNEL32.DLL+0x17bd4]
C  [ntdll.dll+0x6ce51]


---------------  P R O C E S S  ---------------

Threads class SMR info:
_java_thread_list=0x00000229a9cf7380, length=0, elements={
}

Java Threads: ( => current thread )

Other Threads:
  0x00000229ab600000 GCTaskThread "GC Thread#0" [stack: 0x00000036e3000000,0x00000036e3100000] [id=19928]
  0x00000229ab62f000 ConcurrentGCThread "G1 Main Marker" [stack: 0x00000036e3100000,0x00000036e3200000] [id=6852]
  0x00000229ab630800 ConcurrentGCThread "G1 Conc#0" [stack: 0x00000036e3200000,0x00000036e3300000] [id=14604]

[error occurred during error reporting (printing all threads), id 0xc0000005, EXCEPTION_ACCESS_VIOLATION (0xc0000005) at pc=0x00007ffe726f5727]

VM state:not at safepoint (not fully initialized)

VM Mutex/Monitor currently owned by a thread:  ([mutex/lock_event])
[0x00000229ab5e5010] Heap_lock - owner thread: 0x00000229ab5e9000

Heap address: 0x0000000082200000, size: 2014 MB, Compressed Oops mode: Non-zero based: 0x0000000082200000
Narrow klass base: 0x0000000000000000, Narrow klass shift: 0

GC Heap History (0 events):
No events

Deoptimization events (0 events):
No events

Classes redefined (0 events):
No events

Internal exceptions (0 events):
No events

Events (0 events):
No events


Dynamic libraries:
0x00007ff63aec0000 - 0x00007ff63af07000 	D:\IDEA_ultimate\IntelliJ IDEA 2019.2.4\jbr\bin\java.exe
0x00007ffea1b20000 - 0x00007ffea1d10000 	C:\WINDOWS\SYSTEM32\ntdll.dll
0x00007ffea0ab0000 - 0x00007ffea0b62000 	C:\WINDOWS\System32\KERNEL32.DLL
0x00007ffe9f6a0000 - 0x00007ffe9f945000 	C:\WINDOWS\System32\KERNELBASE.dll
0x00007ffea0b70000 - 0x00007ffea0d05000 	C:\WINDOWS\System32\USER32.dll
0x00007ffe9f400000 - 0x00007ffe9f421000 	C:\WINDOWS\System32\win32u.dll
0x00007ffea0a80000 - 0x00007ffea0aa6000 	C:\WINDOWS\System32\GDI32.dll
0x00007ffe9f980000 - 0x00007ffe9fb16000 	C:\WINDOWS\System32\gdi32full.dll
0x00007ffe9f230000 - 0x00007ffe9f2ce000 	C:\WINDOWS\System32\msvcp_win.dll
0x00007ffe9f430000 - 0x00007ffe9f52a000 	C:\WINDOWS\System32\ucrtbase.dll
0x00007ffe8fbb0000 - 0x00007ffe8fe34000 	C:\WINDOWS\WinSxS\amd64_microsoft.windows.common-controls_6595b64144ccf1df_6.0.18362.1082_none_9e8193e1e45b25c1\COMCTL32.dll
0x00007ffea05b0000 - 0x00007ffea064e000 	C:\WINDOWS\System32\msvcrt.dll
0x00007ffe9fd70000 - 0x00007ffea00a5000 	C:\WINDOWS\System32\combase.dll
0x00007ffea19c0000 - 0x00007ffea1ae0000 	C:\WINDOWS\System32\RPCRT4.dll
0x00007ffe9f2d0000 - 0x00007ffe9f350000 	C:\WINDOWS\System32\bcryptPrimitives.dll
0x00007ffea18b0000 - 0x00007ffea18de000 	C:\WINDOWS\System32\IMM32.DLL
0x00007ffe8e820000 - 0x00007ffe8e837000 	D:\IDEA_ultimate\IntelliJ IDEA 2019.2.4\jbr\bin\vcruntime140.dll
0x00007ffe74c10000 - 0x00007ffe74cad000 	D:\IDEA_ultimate\IntelliJ IDEA 2019.2.4\jbr\bin\msvcp140.dll
0x00007ffe72410000 - 0x00007ffe72ec8000 	D:\IDEA_ultimate\IntelliJ IDEA 2019.2.4\jbr\bin\server\jvm.dll
0x00007ffea1400000 - 0x00007ffea14a3000 	C:\WINDOWS\System32\ADVAPI32.dll
0x00007ffea09e0000 - 0x00007ffea0a77000 	C:\WINDOWS\System32\sechost.dll
0x00007ffea00b0000 - 0x00007ffea00b8000 	C:\WINDOWS\System32\PSAPI.DLL
0x00007ffe8ed20000 - 0x00007ffe8ed29000 	C:\WINDOWS\SYSTEM32\WSOCK32.dll
0x00007ffe9cb00000 - 0x00007ffe9cb24000 	C:\WINDOWS\SYSTEM32\WINMM.dll
0x00007ffea1560000 - 0x00007ffea15cf000 	C:\WINDOWS\System32\WS2_32.dll
0x00007ffe994d0000 - 0x00007ffe994da000 	C:\WINDOWS\SYSTEM32\VERSION.dll
0x00007ffe9c9d0000 - 0x00007ffe9c9fd000 	C:\WINDOWS\SYSTEM32\winmmbase.dll
0x00007ffe9fb80000 - 0x00007ffe9fbca000 	C:\WINDOWS\System32\cfgmgr32.dll
0x00007ffe9e9f0000 - 0x00007ffe9ea01000 	C:\WINDOWS\System32\kernel.appcore.dll
0x00007ffe90510000 - 0x00007ffe90521000 	D:\IDEA_ultimate\IntelliJ IDEA 2019.2.4\jbr\bin\verify.dll
0x00007ffe88bf0000 - 0x00007ffe88de4000 	C:\WINDOWS\SYSTEM32\DBGHELP.DLL
0x00007ffe892a0000 - 0x00007ffe892ca000 	C:\WINDOWS\SYSTEM32\dbgcore.DLL
0x00007ffe8ebe0000 - 0x00007ffe8ec09000 	D:\IDEA_ultimate\IntelliJ IDEA 2019.2.4\jbr\bin\java.dll
0x00007ffe8f450000 - 0x00007ffe8f467000 	D:\IDEA_ultimate\IntelliJ IDEA 2019.2.4\jbr\bin\zip.dll
0x00007ffe9b250000 - 0x00007ffe9b25b000 	D:\IDEA_ultimate\IntelliJ IDEA 2019.2.4\jbr\bin\jimage.dll

dbghelp: loaded successfully - version: 4.0.5 - missing functions: none
symbol engine: initialized successfully - sym options: 0x614 - pdb path: .;D:\IDEA_ultimate\IntelliJ IDEA 2019.2.4\jbr\bin;C:\WINDOWS\SYSTEM32;C:\WINDOWS\WinSxS\amd64_microsoft.windows.common-controls_6595b64144ccf1df_6.0.18362.1082_none_9e8193e1e45b25c1;D:\IDEA_ultimate\IntelliJ IDEA 2019.2.4\jbr\bin\server

VM Arguments:
java_command: org.jetbrains.git4idea.http.GitAskPassApp Username for 'https://github.com': 
java_class_path (initial): D:/IDEA_ultimate/IntelliJ IDEA 2019.2.4/plugins/git4idea/lib/git4idea-rt.jar;D:/IDEA_ultimate/IntelliJ IDEA 2019.2.4/lib/xmlrpc-2.0.1.jar;D:/IDEA_ultimate/IntelliJ IDEA 2019.2.4/lib/commons-codec-1.13.jar;D:/IDEA_ultimate/IntelliJ IDEA 2019.2.4/lib/util.jar
Launcher Type: SUN_STANDARD

[Global flags]
     intx CICompilerCount                          = 3                                         {product} {ergonomic}
     uint ConcGCThreads                            = 1                                         {product} {ergonomic}
     uint G1ConcRefinementThreads                  = 4                                         {product} {ergonomic}
   size_t G1HeapRegionSize                         = 1048576                                   {product} {ergonomic}
    uintx GCDrainStackTargetSize                   = 64                                        {product} {ergonomic}
   size_t InitialHeapSize                          = 132120576                                 {product} {ergonomic}
   size_t MarkStackSize                            = 4194304                                   {product} {ergonomic}
   size_t MaxHeapSize                              = 2111832064                                {product} {ergonomic}
   size_t MinHeapDeltaBytes                        = 1048576                                   {product} {ergonomic}
    uintx NonNMethodCodeHeapSize                   = 5830092                                {pd product} {ergonomic}
    uintx NonProfiledCodeHeapSize                  = 122914074                              {pd product} {ergonomic}
    uintx ProfiledCodeHeapSize                     = 122914074                              {pd product} {ergonomic}
    uintx ReservedCodeCacheSize                    = 251658240                              {pd product} {ergonomic}
     bool SegmentedCodeCache                       = true                                      {product} {ergonomic}
     bool UseCompressedClassPointers               = true                                 {lp64_product} {ergonomic}
     bool UseCompressedOops                        = true                                 {lp64_product} {ergonomic}
     bool UseG1GC                                  = true                                      {product} {ergonomic}
     bool UseLargePagesIndividualAllocation        = false                                  {pd product} {ergonomic}

Logging:
Log output configuration:
 #0: stdout all=warning uptime,level,tags
 #1: stderr all=off uptime,level,tags

Environment Variables:
JAVA_HOME=C:\Program Files\Java\jdk1.8.0_121
CLASSPATH=C:\Program Files\Java\jdk1.8.0_121\lib\dt.jar;C:\Program Files\Java\jdk1.8.0_121\lib\tools.jar
PATH=C:\Program Files\Git\mingw64\libexec\git-core;C:\Program Files\Git\mingw64\libexec\git-core;C:\Program Files\Git\mingw64\bin;C:\Program Files\Git\usr\bin;C:\Users\Administrator\bin;C:\Users\Administrator\AppData\Local\Yarn\bin;C:\Program Files\Java\jdk1.8.0_121\bin;C:\Program Files\Java\jdk1.8.0_121\jre\bin;C:\Program Files (x86)\apache-tomcat-8.5.46\bin;C:\Program Files (x86)\apache-tomcat-8.5.46\lib;C:\Program Files (x86)\apache-maven-3.6.2\bin;C:\Program Files (x86)\apache-maven-3.6.2\bin;C:\WINDOWS\system32;C:\WINDOWS;C:\WINDOWS\System32\Wbem;C:\WINDOWS\System32\WindowsPowerShell\v1.0;C:\WINDOWS\System32\OpenSSH;C:\Program Files (x86)\apache-maven-3.6.2\bin;C:\Program Files\dotnet;C:\Program Files\TortoiseGit\bin;C:\Program Files (x86)\apache-tomcat-8.5.46\lib;C:\Program Files (x86)\apache-tomcat-8.5.46\bin;D:\mysql\bin;C:\Program Files\nodejs;C:\Users\Administrator\AppData\Roaming\npm;C:\Users\Administrator\AppData\Local\Microsoft\WindowsApps;D:\Microsoft VS Code\bin;C:\Users\Administrator\.dotnet\tools;D:\Çý¶¯\DriverGenius;D:\Çý¶¯\DriverGenius\ksoft
USERNAME=Administrator
DISPLAY=:0.0
OS=Windows_NT
PROCESSOR_IDENTIFIER=Intel64 Family 6 Model 158 Stepping 11, GenuineIntel



---------------  S Y S T E M  ---------------

OS: Windows 10 , 64 bit Build 18362 (10.0.18362.1082)

CPU:total 4 (initial active 4) (4 cores per cpu, 1 threads per core) family 6 model 158 stepping 11, cmov, cx8, fxsr, mmx, sse, sse2, sse3, ssse3, sse4.1, sse4.2, popcnt, avx, avx2, aes, clmul, erms, 3dnowpref, lzcnt, tsc, tscinvbit, bmi1, bmi2, adx, fma

Memory: 4k page, system-wide physical 8053M (767M free)
TotalPageFile size 26429M (AvailPageFile size 44M)
current process WorkingSet (physical memory assigned to process): 9M, peak: 9M
current process commit charge ("private bytes"): 51M, peak: 177M

vm_info: OpenJDK 64-Bit Server VM (11.0.4+10-b304.77) for windows-amd64 JRE (11.0.4+10-b304.77), built on Oct 10 2019 15:02:36 by "" with MS VC++ 14.0 (VS2015)

END.
